<?xml version="1.0" encoding="UTF-8"?>
<beans xmlns="http://www.springframework.org/schema/beans"
	   xmlns:aop="http://www.springframework.org/schema/aop"
	   xmlns:xsi="http://www.w3.org/2001/XMLSchema-instance" 
       xmlns:jee="http://www.springframework.org/schema/jee"
	   xmlns:tx="http://www.springframework.org/schema/tx"
	   xsi:schemaLocation="
		   http://www.springframework.org/schema/beans http://www.springframework.org/schema/beans/spring-beans-3.0.xsd
	       http://www.springframework.org/schema/jee http://www.springframework.org/schema/jee/spring-jee-3.0.xsd
	  	   http://www.springframework.org/schema/tx http://www.springframework.org/schema/tx/spring-tx-3.0.xsd        
	       http://www.springframework.org/schema/aop http://www.springframework.org/schema/aop/spring-aop-3.0.xsd">

 	<tx:annotation-driven  />   
    
   	<!-- Datasource configuration -->
    <bean id="testSessionFactory" class="org.springframework.orm.hibernate3.annotation.AnnotationSessionFactoryBean">
    	<property name="hibernateProperties">
    		<props>
    			<prop key="hibernate.connection.driver_class">oracle.jdbc.driver.OracleDriver</prop>
    			<prop key="hibernate.dialect">org.hibernate.dialect.OracleDialect</prop>
                <prop key="hibernate.show_sql">true</prop>
                <prop key="hibernate.format_sql">true</prop>
 				<prop key="hibernate.cache.use_second_level_cache">false</prop>
				<prop key="hibernate.cache.use_query_cache">false</prop>
    			<prop key="hibernate.connection.url">jdbc:oracle:thin:@VM-WIN7:1521:XE</prop>
    			<prop key="hibernate.connection.username">rts-test</prop>
    			<prop key="hibernate.connection.password">test</prop>
    			<prop key="hibernate.hbm2ddl.auto">create</prop>
    			<prop key="hibernate.hbm2ddl.import_files">/main/resources/test_populate.sql</prop>
    		</props>
    	</property>
    	<property name="packagesToScan" value="com.mercury.rts.persistence.model" />
    </bean>
    
    <bean id="transactionManager" class="org.springframework.orm.hibernate3.HibernateTransactionManager">
    	<property name="sessionFactory" ref="testSessionFactory" />
	</bean>
    
    <bean id="GenericDaoImpl" class="com.mercury.rts.common.db.GenericDaoImpl" abstract="true" scope="prototype"></bean>
    <bean id="UserDaoImpl" parent="GenericDaoImpl" class="com.mercury.rts.persistence.dao.impl.UserDaoImpl" scope="singleton"></bean>
    <bean id="CreditCardDaoImpl" parent="GenericDaoImpl" class="com.mercury.rts.persistence.dao.impl.CreditCardDaoImpl"></bean>
	<bean id="TransactionDaoImpl" parent="GenericDaoImpl" class="com.mercury.rts.persistence.dao.impl.TransactionDaoImpl"></bean>
	<bean id="TicketDaoImpl" parent="GenericDaoImpl" class="com.mercury.rts.persistence.dao.impl.TicketDaoImpl"></bean>
</beans>
